#respondsTo:
#isMemberOf:
#display
#assign:value:
#print
#isNumber
#notNil
#==
#message:notRecognizedWithArguments:
#isFloat
#basicSize
#isFraction
#isNil
#copy
#~~
#isInteger
#basicAt:put:
#basicAt:
#asString
#=
#isLongInteger
#isKindOf:
#class
#printString
#isShortInteger
#shallowCopy
#new
#hash
#deepCopy
Set ( #respondsTo: #isMemberOf: #display #assign:value: #print #isNumber #notNil #== #message:notRecognizedWithArguments: #isFloat #basicSize #isFraction #isNil #copy #~~ #isInteger #basicAt:put: #basicAt: #asString #= #isLongInteger #isKindOf: #class #printString #isShortInteger #shallowCopy #new #hash #deepCopy )
